-------------------------------------------------------------------------------
Test set: I should be able to retrieve an order from the Orders API for
-------------------------------------------------------------------------------
Tests run: 1, Failures: 1, Errors: 0, Skipped: 0, Time elapsed: 11.24 s <<< FAILURE! - in I should be able to retrieve an order from the Orders API for
I should be able to retrieve an order from the Orders API for.Retrieve and Validate an Order  Time elapsed: 11.24 s  <<< FAILURE!
java.lang.AssertionError: Token was null

