<?xml version="1.0" encoding="UTF-8"?>
<testsuite xmlns:xsi="http://www.w3.org/2001/XMLSchema-instance" xsi:noNamespaceSchemaLocation="https://maven.apache.org/surefire/maven-surefire-plugin/xsd/surefire-test-report-3.0.xsd" version="3.0" name="I should be able to retrieve an order from the Orders API for" time="11.24" tests="1" errors="0" skipped="0" failures="1">
  <properties>
[...]
</properties>
  <testcase name="Retrieve and Validate an Order" classname="I should be able to retrieve an order from the Orders API for" time="11.24">
    <failure message="Token was null" type="java.lang.AssertionError"><![CDATA[java.lang.AssertionError: Token was null
]]></failure>
    <system-out><![CDATA[Feb 11, 2024 8:34:13 PM net.masterthought.cucumber.ReportParser parseJsonFiles
INFO: File '/var/folders/4c/6zvs7_d52jz_l018c26gxw5m0000gn/T/cucumber9057751305903039291.json' contains 2 features

SLF4J: Failed to load class "org.slf4j.impl.StaticLoggerBinder".
SLF4J: Defaulting to no-operation (NOP) logger implementation
SLF4J: See http://www.slf4j.org/codes.html#StaticLoggerBinder for further details.
&amp#27;[32m&amp#27;[1m┌──────────────────────────────────────────────────────────────────────────┐&amp#27;[0m
&amp#27;[32m&amp#27;[1m│&amp#27;[0m View your Cucumber Report at:                                            &amp#27;[32m&amp#27;[1m│&amp#27;[0m
&amp#27;[32m&amp#27;[1m│&amp#27;[0m &amp#27;[1m&amp#27;[36m&amp#27;[4mhttps://reports.cucumber.io/reports/cd01a173-3aef-4199-822c-709bb2e92254&amp#27;[0m &amp#27;[32m&amp#27;[1m│&amp#27;[0m
&amp#27;[32m&amp#27;[1m│&amp#27;[0m                                                                          &amp#27;[32m&amp#27;[1m│&amp#27;[0m
&amp#27;[32m&amp#27;[1m│&amp#27;[0m &amp#27;[1mThis report will self-destruct in 24h.&amp#27;[0m                                   &amp#27;[32m&amp#27;[1m│&amp#27;[0m
&amp#27;[32m&amp#27;[1m│&amp#27;[0m Keep reports forever: &amp#27;[4m&amp#27;[1m&amp#27;[36mhttps://reports.cucumber.io/profile&amp#27;[0m                &amp#27;[32m&amp#27;[1m│&amp#27;[0m
&amp#27;[32m&amp#27;[1m└──────────────────────────────────────────────────────────────────────────┘&amp#27;[0m

@api @ui
Scenario: Retrieve and Validate an Order                                                                  &amp#27;[90m# src/test/resources/features/api.feature:6&amp#27;[0m
  &amp#27;[31mGiven &amp#27;[0m&amp#27;[31mthe Authentication API is available&amp#27;[0m                                                               &amp#27;[90m# com.Protecht.step_definition.OrderVerificationSteps.the_authentication_api_is_available()&amp#27;[0m
      &amp#27;[31mjava.lang.AssertionError: Token was null
	at org.junit.Assert.fail(Assert.java:89)
	at org.junit.Assert.assertTrue(Assert.java:42)
	at org.junit.Assert.assertNotNull(Assert.java:713)
	at com.Protecht.step_definition.OrderVerificationSteps.the_authentication_api_is_available(OrderVerificationSteps.java:20)
	at ✽.the Authentication API is available(file:///Users/surayebayram/Downloads/Protecht/src/test/resources/features/api.feature:7)
&amp#27;[0m
  &amp#27;[36mWhen &amp#27;[0m&amp#27;[36mI retrieve an order with oder number &amp#27;[0m&amp#27;[36m&amp#27;[1m"29a43e12-d5ab-4ab1-9b8f-8563428f3c98"&amp#27;[0m                        &amp#27;[90m# com.Protecht.step_definition.OrderVerificationSteps.i_retrieve_an_order_with_oder_number(java.lang.String)&amp#27;[0m
  &amp#27;[36mThen &amp#27;[0m&amp#27;[36mI should receive a valid order response&amp#27;[0m                                                            &amp#27;[90m# com.Protecht.step_definition.OrderVerificationSteps.i_should_receive_a_valid_order_response()&amp#27;[0m
  &amp#27;[36mAnd &amp#27;[0m&amp#27;[36mthe sum of item costs should equal the order subtotal&amp#27;[0m                                               &amp#27;[90m# com.Protecht.step_definition.OrderVerificationSteps.the_sum_of_item_costs_should_equal_the_order_subtotal()&amp#27;[0m
  &amp#27;[36mAnd &amp#27;[0m&amp#27;[36mthe policy_numbers for each policy should follow the format &amp#27;[0m&amp#27;[36m&amp#27;[1m"TGFS-*"&amp#27;[0m                                &amp#27;[90m# com.Protecht.step_definition.OrderVerificationSteps.the_policy_numbers_for_each_policy_should_follow_the_format(java.lang.String)&amp#27;[0m
  &amp#27;[36mAnd &amp#27;[0m&amp#27;[36meach item should include a customer object that matches the top-level customer object for the order&amp#27;[0m &amp#27;[90m# com.Protecht.step_definition.OrderVerificationSteps.each_item_should_include_a_customer_object_that_matches_the_top_level_customer_object_for_the_order()&amp#27;[0m
  &amp#27;[36mAnd &amp#27;[0m&amp#27;[36meach item should have an associated policy under the policies array&amp#27;[0m                                 &amp#27;[90m# com.Protecht.step_definition.OrderVerificationSteps.each_item_should_have_an_associated_policy_under_the_policies_array()&amp#27;[0m

    Embedding Retrieve and Validate an Order [image/png 39267 bytes]

]]></system-out>
    <system-err><![CDATA[Feb 11, 2024 8:32:29 PM org.openqa.selenium.devtools.CdpVersionFinder findNearestMatch
WARNING: Unable to find an exact match for CDP version 121, returning the closest version; found: 120; Please update to a Selenium version that supports CDP version 121
]]></system-err>
  </testcase>
</testsuite>