<?xml version="1.0" encoding="UTF-8"?>
<testsuite xmlns:xsi="http://www.w3.org/2001/XMLSchema-instance" xsi:noNamespaceSchemaLocation="https://maven.apache.org/surefire/maven-surefire-plugin/xsd/surefire-test-report-3.0.xsd" version="3.0" name="Comprehensive Validation of Widget Functionality" time="114.599" tests="4" errors="0" skipped="0" failures="0">
  <properties>
[...]
</properties>
  <testcase name="Validate Click-ability of Widget Footer Links #1" classname="Comprehensive Validation of Widget Functionality" time="28.953">
    <system-out><![CDATA[
@ui
Scenario Outline: Validate Click-ability of Widget Footer Links &amp#27;[90m# src/test/resources/features/ui.feature:11&amp#27;[0m
  &amp#27;[32mGiven &amp#27;[0m&amp#27;[32muser is on the widget page&amp#27;[0m                              &amp#27;[90m# com.Protecht.step_definition.WidgetFunctSteps.userIsOnTheWidgetPage()&amp#27;[0m
  &amp#27;[32mWhen &amp#27;[0m&amp#27;[32muser clicks on &amp#27;[0m&amp#27;[32m&amp#27;[1m"Terms & Conditions"&amp#27;[0m&amp#27;[32m link&amp#27;[0m                 &amp#27;[90m# com.Protecht.step_definition.WidgetFunctSteps.userClicksOnLink(java.lang.String)&amp#27;[0m
  &amp#27;[32mThen &amp#27;[0m&amp#27;[32murl should be &amp#27;[0m&amp#27;[32m&amp#27;[1m"https://protecht.com/consumer-terms/"&amp#27;[0m     &amp#27;[90m# com.Protecht.step_definition.WidgetFunctSteps.titleShouldBeAndUrlShouldBe(java.lang.String)&amp#27;[0m
]]></system-out>
    <system-err><![CDATA[Feb 11, 2024 8:32:24 PM org.openqa.selenium.devtools.CdpVersionFinder findNearestMatch
WARNING: Unable to find an exact match for CDP version 121, returning the closest version; found: 120; Please update to a Selenium version that supports CDP version 121
]]></system-err>
  </testcase>
  <testcase name="Validate Click-ability of Widget Footer Links #2" classname="Comprehensive Validation of Widget Functionality" time="24.375">
    <system-out><![CDATA[
@ui
Scenario Outline: Validate Click-ability of Widget Footer Links &amp#27;[90m# src/test/resources/features/ui.feature:12&amp#27;[0m
  &amp#27;[32mGiven &amp#27;[0m&amp#27;[32muser is on the widget page&amp#27;[0m                              &amp#27;[90m# com.Protecht.step_definition.WidgetFunctSteps.userIsOnTheWidgetPage()&amp#27;[0m
  &amp#27;[32mWhen &amp#27;[0m&amp#27;[32muser clicks on &amp#27;[0m&amp#27;[32m&amp#27;[1m"Privacy Policy"&amp#27;[0m&amp#27;[32m link&amp#27;[0m                     &amp#27;[90m# com.Protecht.step_definition.WidgetFunctSteps.userClicksOnLink(java.lang.String)&amp#27;[0m
  &amp#27;[32mThen &amp#27;[0m&amp#27;[32murl should be &amp#27;[0m&amp#27;[32m&amp#27;[1m"https://protecht.com/privacy-policy/"&amp#27;[0m     &amp#27;[90m# com.Protecht.step_definition.WidgetFunctSteps.titleShouldBeAndUrlShouldBe(java.lang.String)&amp#27;[0m
]]></system-out>
    <system-err><![CDATA[Feb 11, 2024 8:32:49 PM org.openqa.selenium.devtools.CdpVersionFinder findNearestMatch
WARNING: Unable to find an exact match for CDP version 121, returning the closest version; found: 120; Please update to a Selenium version that supports CDP version 121
]]></system-err>
  </testcase>
  <testcase name="Validate Click-ability of Widget Footer Links #3" classname="Comprehensive Validation of Widget Functionality" time="23.862">
    <system-out><![CDATA[
@ui
Scenario Outline: Validate Click-ability of Widget Footer Links                                                                                      &amp#27;[90m# src/test/resources/features/ui.feature:13&amp#27;[0m
  &amp#27;[32mGiven &amp#27;[0m&amp#27;[32muser is on the widget page&amp#27;[0m                                                                                                                   &amp#27;[90m# com.Protecht.step_definition.WidgetFunctSteps.userIsOnTheWidgetPage()&amp#27;[0m
  &amp#27;[32mWhen &amp#27;[0m&amp#27;[32muser clicks on &amp#27;[0m&amp#27;[32m&amp#27;[1m"Insurance Terms"&amp#27;[0m&amp#27;[32m link&amp#27;[0m                                                                                                         &amp#27;[90m# com.Protecht.step_definition.WidgetFunctSteps.userClicksOnLink(java.lang.String)&amp#27;[0m
  &amp#27;[32mThen &amp#27;[0m&amp#27;[32murl should be &amp#27;[0m&amp#27;[32m&amp#27;[1m"https://static.sandbox.protecht.com/policy/cc6b3cd9-a52f-475b-869e-e01e546f3000/coverage/0bff8dddad734837957499eb0f1a5c34.pdf"&amp#27;[0m &amp#27;[90m# com.Protecht.step_definition.WidgetFunctSteps.titleShouldBeAndUrlShouldBe(java.lang.String)&amp#27;[0m
]]></system-out>
    <system-err><![CDATA[Feb 11, 2024 8:33:13 PM org.openqa.selenium.devtools.CdpVersionFinder findNearestMatch
WARNING: Unable to find an exact match for CDP version 121, returning the closest version; found: 120; Please update to a Selenium version that supports CDP version 121
]]></system-err>
  </testcase>
  <testcase name="Currency Format Update in Widget" classname="Comprehensive Validation of Widget Functionality" time="37.409">
    <system-out><![CDATA[
@ui
Scenario: Currency Format Update in Widget                                                                                   &amp#27;[90m# src/test/resources/features/ui.feature:16&amp#27;[0m
  &amp#27;[32mGiven &amp#27;[0m&amp#27;[32muser is on the widget page&amp#27;[0m                                                                                           &amp#27;[90m# com.Protecht.step_definition.WidgetFunctSteps.userIsOnTheWidgetPage()&amp#27;[0m
  &amp#27;[32mWhen &amp#27;[0m&amp#27;[32muser changes the currency to GBP&amp#27;[0m                                                                                      &amp#27;[90m# com.Protecht.step_definition.WidgetFunctSteps.user_changes_the_currency_to_gbp()&amp#27;[0m
  &amp#27;[32mAnd &amp#27;[0m&amp#27;[32mclicks the configure button&amp#27;[0m                                                                                            &amp#27;[90m# com.Protecht.step_definition.WidgetFunctSteps.clicks_the_configure_button()&amp#27;[0m
  &amp#27;[32mAnd &amp#27;[0m&amp#27;[32muser should verify that the currency formats in the widget are updated to match the GBP &amp#27;[0m&amp#27;[32m&amp#27;[1m"£100.00"&amp#27;[0m&amp#27;[32m format&amp#27;[0m               &amp#27;[90m# com.Protecht.step_definition.WidgetFunctSteps.user_should_verify_that_the_currency_formats_in_the_widget_are_updated_to_match_the_gbp_format(java.lang.String)&amp#27;[0m
  &amp#27;[32mAnd &amp#27;[0m&amp#27;[32muser adds additional items with costs &amp#27;[0m&amp#27;[32m&amp#27;[1m"45"&amp#27;[0m&amp#27;[32m to the widget&amp#27;[0m                                                               &amp#27;[90m# com.Protecht.step_definition.WidgetFunctSteps.user_adds_additional_items_with_costs_to_the_widget(java.lang.String)&amp#27;[0m
  &amp#27;[32mAnd &amp#27;[0m&amp#27;[32muser clicks the configure button&amp#27;[0m                                                                                       &amp#27;[90m# com.Protecht.step_definition.WidgetFunctSteps.user_clicks_the_configure_button()&amp#27;[0m
  &amp#27;[32mThen &amp#27;[0m&amp#27;[32muser should validate that the price &amp#27;[0m&amp#27;[32m&amp#27;[1m"£45.00"&amp#27;[0m&amp#27;[32m and cost &amp#27;[0m&amp#27;[32m&amp#27;[1m"£3.16"&amp#27;[0m&amp#27;[32m of coverage in the widget have been updated accordingly&amp#27;[0m &amp#27;[90m# com.Protecht.step_definition.WidgetFunctSteps.user_should_validate_that_the_price_and_cost_of_coverage_in_the_widget_have_been_updated_accordingly(java.lang.String,java.lang.String)&amp#27;[0m
]]></system-out>
    <system-err><![CDATA[Feb 11, 2024 8:33:37 PM org.openqa.selenium.devtools.CdpVersionFinder findNearestMatch
WARNING: Unable to find an exact match for CDP version 121, returning the closest version; found: 120; Please update to a Selenium version that supports CDP version 121
]]></system-err>
  </testcase>
</testsuite>